0 info it worked if it ends with ok
1 verbose cli [ 'node', '/usr/local/bin/npm', 'install' ]
2 info using npm@2.0.2
3 info using node@v0.10.29
4 warn package.json ThunderLee@0.0.0 No repository field.
5 verbose readDependencies using package.json deps
6 verbose install where, deps [ '/Users/daynedavis/Coding/gitProjects/ThunderLee',
6 verbose install   [ 'bcrypt-nodejs',
6 verbose install     'bittorrent-dht',
6 verbose install     'body-parser',
6 verbose install     'connect-flash',
6 verbose install     'cookie-parser',
6 verbose install     'ejs',
6 verbose install     'express',
6 verbose install     'express-session',
6 verbose install     'mongoose',
6 verbose install     'morgan',
6 verbose install     'method-override',
6 verbose install     'passport',
6 verbose install     'passport-local',
6 verbose install     'stripe' ] ]
7 info preinstall ThunderLee@0.0.0
8 verbose readDependencies using package.json deps
9 verbose already installed skipping body-parser@~1.4.3 /Users/daynedavis/Coding/gitProjects/ThunderLee
10 verbose cache add [ 'bcrypt-nodejs@latest', null ]
11 verbose cache add spec="bcrypt-nodejs@latest" args=["bcrypt-nodejs@latest",null]
12 verbose parsed spec { raw: 'bcrypt-nodejs@latest',
12 verbose parsed spec   scope: null,
12 verbose parsed spec   name: 'bcrypt-nodejs',
12 verbose parsed spec   rawSpec: 'latest',
12 verbose parsed spec   spec: 'latest',
12 verbose parsed spec   type: 'tag' }
13 verbose already installed skipping bittorrent-dht@~2.6.4 /Users/daynedavis/Coding/gitProjects/ThunderLee
14 verbose parsed spec { raw: 'bcrypt-nodejs@latest',
14 verbose parsed spec   scope: null,
14 verbose parsed spec   name: 'bcrypt-nodejs',
14 verbose parsed spec   rawSpec: 'latest',
14 verbose parsed spec   spec: 'latest',
14 verbose parsed spec   type: 'tag' }
15 verbose addNamed [ 'bcrypt-nodejs', 'latest' ]
16 verbose addNamed [ null, null ]
17 silly lockFile 8a2c73f6-bcrypt-nodejs-latest bcrypt-nodejs@latest
18 verbose lock bcrypt-nodejs@latest /Users/daynedavis/.npm/8a2c73f6-bcrypt-nodejs-latest.lock
19 verbose already installed skipping connect-flash@~0.1.1 /Users/daynedavis/Coding/gitProjects/ThunderLee
20 verbose already installed skipping cookie-parser@~1.0.0 /Users/daynedavis/Coding/gitProjects/ThunderLee
21 verbose already installed skipping ejs@~0.8.5 /Users/daynedavis/Coding/gitProjects/ThunderLee
22 verbose already installed skipping express@~4.6.1 /Users/daynedavis/Coding/gitProjects/ThunderLee
23 verbose already installed skipping mongoose@~3.8.13 /Users/daynedavis/Coding/gitProjects/ThunderLee
24 verbose already installed skipping express-session@~1.0.0 /Users/daynedavis/Coding/gitProjects/ThunderLee
25 info addNameTag [ 'bcrypt-nodejs', 'latest' ]
26 verbose mapToRegistry name bcrypt-nodejs
27 verbose mapToRegistry uri https://registry.npmjs.org/bcrypt-nodejs
28 verbose already installed skipping morgan@~1.1.1 /Users/daynedavis/Coding/gitProjects/ThunderLee
29 verbose already installed skipping method-override@~2.1.1 /Users/daynedavis/Coding/gitProjects/ThunderLee
30 verbose already installed skipping passport@~0.1.17 /Users/daynedavis/Coding/gitProjects/ThunderLee
31 verbose already installed skipping passport-local@~0.1.6 /Users/daynedavis/Coding/gitProjects/ThunderLee
32 verbose cache add [ 'stripe@~2.2.0', null ]
33 verbose cache add spec="stripe@~2.2.0" args=["stripe@~2.2.0",null]
34 verbose parsed spec { raw: 'stripe@~2.2.0',
34 verbose parsed spec   scope: null,
34 verbose parsed spec   name: 'stripe',
34 verbose parsed spec   rawSpec: '~2.2.0',
34 verbose parsed spec   spec: '>=2.2.0 <2.3.0',
34 verbose parsed spec   type: 'range' }
35 verbose parsed spec { raw: 'stripe@~2.2.0',
35 verbose parsed spec   scope: null,
35 verbose parsed spec   name: 'stripe',
35 verbose parsed spec   rawSpec: '~2.2.0',
35 verbose parsed spec   spec: '>=2.2.0 <2.3.0',
35 verbose parsed spec   type: 'range' }
36 verbose addNamed [ 'stripe', '>=2.2.0 <2.3.0' ]
37 verbose addNamed [ null, '>=2.2.0 <2.3.0' ]
38 silly lockFile 39ab9427-stripe-2-2-0-2-3-0 stripe@>=2.2.0 <2.3.0
39 verbose lock stripe@>=2.2.0 <2.3.0 /Users/daynedavis/.npm/39ab9427-stripe-2-2-0-2-3-0.lock
40 silly addNameRange { name: 'stripe', range: '>=2.2.0 <2.3.0', hasData: false }
41 verbose mapToRegistry name stripe
42 verbose mapToRegistry uri https://registry.npmjs.org/stripe
43 verbose request on initialization, where is /stripe
44 verbose request after pass 1, where is /stripe
45 verbose request url raw /stripe
46 verbose request resolving registry [ 'https://registry.npmjs.org/', './stripe' ]
47 verbose request after pass 2, where is https://registry.npmjs.org/stripe
48 verbose request no auth needed
49 info attempt registry request try #1 at 20:28:02
50 verbose request id ce995209be35eab5
51 http request GET https://registry.npmjs.org/stripe
52 verbose request on initialization, where is /bcrypt-nodejs
53 verbose request after pass 1, where is /bcrypt-nodejs
54 verbose request url raw /bcrypt-nodejs
55 verbose request resolving registry [ 'https://registry.npmjs.org/', './bcrypt-nodejs' ]
56 verbose request after pass 2, where is https://registry.npmjs.org/bcrypt-nodejs
57 verbose request no auth needed
58 info attempt registry request try #1 at 20:28:02
59 verbose etag "9O9T8SLP685BD02SA3THIAR9Q"
60 http request GET https://registry.npmjs.org/bcrypt-nodejs
61 http 200 https://registry.npmjs.org/bcrypt-nodejs
62 silly registry.get cb [ 200,
62 silly registry.get   { date: 'Sun, 18 Jan 2015 04:28:02 GMT',
62 silly registry.get     server: 'CouchDB/1.5.0 (Erlang OTP/R16B03)',
62 silly registry.get     etag: '"BU3JX5L0MNOLY9A0IPJI5PC6M"',
62 silly registry.get     'content-type': 'application/json',
62 silly registry.get     'cache-control': 'max-age=60',
62 silly registry.get     'content-length': '21396',
62 silly registry.get     'accept-ranges': 'bytes',
62 silly registry.get     via: '1.1 varnish',
62 silly registry.get     age: '0',
62 silly registry.get     'x-served-by': 'cache-sjc3122-SJC',
62 silly registry.get     'x-cache': 'HIT',
62 silly registry.get     'x-cache-hits': '1',
62 silly registry.get     'x-timer': 'S1421555282.195534,VS0,VE152',
62 silly registry.get     vary: 'Accept',
62 silly registry.get     'keep-alive': 'timeout=10, max=50',
62 silly registry.get     connection: 'Keep-Alive' } ]
63 verbose addNamed [ 'bcrypt-nodejs', '0.0.3' ]
64 verbose addNamed [ '0.0.3', '0.0.3' ]
65 silly lockFile 30db234c-bcrypt-nodejs-0-0-3 bcrypt-nodejs@0.0.3
66 verbose lock bcrypt-nodejs@0.0.3 /Users/daynedavis/.npm/30db234c-bcrypt-nodejs-0-0-3.lock
67 http 200 https://registry.npmjs.org/stripe
68 silly registry.get cb [ 200,
68 silly registry.get   { date: 'Sun, 18 Jan 2015 04:28:02 GMT',
68 silly registry.get     server: 'CouchDB/1.5.0 (Erlang OTP/R16B03)',
68 silly registry.get     etag: '"7JQA5IV8U5AK4MX8GY28XLXKB"',
68 silly registry.get     'content-type': 'application/json',
68 silly registry.get     'cache-control': 'max-age=60',
68 silly registry.get     'content-length': '61108',
68 silly registry.get     'accept-ranges': 'bytes',
68 silly registry.get     via: '1.1 varnish',
68 silly registry.get     age: '0',
68 silly registry.get     'x-served-by': 'cache-sjc3121-SJC',
68 silly registry.get     'x-cache': 'MISS',
68 silly registry.get     'x-cache-hits': '0',
68 silly registry.get     'x-timer': 'S1421555282.196066,VS0,VE150',
68 silly registry.get     vary: 'Accept',
68 silly registry.get     'keep-alive': 'timeout=10, max=50',
68 silly registry.get     connection: 'Keep-Alive' } ]
69 silly addNameRange number 2 { name: 'stripe', range: '>=2.2.0 <2.3.0', hasData: true }
70 silly addNameRange versions [ 'stripe',
70 silly addNameRange   [ '0.0.1',
70 silly addNameRange     '0.0.2',
70 silly addNameRange     '0.0.3',
70 silly addNameRange     '0.0.5',
70 silly addNameRange     '1.0.0',
70 silly addNameRange     '1.1.0',
70 silly addNameRange     '1.2.0',
70 silly addNameRange     '1.3.0',
70 silly addNameRange     '2.0.0',
70 silly addNameRange     '2.0.1',
70 silly addNameRange     '2.1.0-rc1',
70 silly addNameRange     '2.1.0-rc2',
70 silly addNameRange     '2.1.0-rc3',
70 silly addNameRange     '2.1.0',
70 silly addNameRange     '2.2.0',
70 silly addNameRange     '2.2.1',
70 silly addNameRange     '2.2.2',
70 silly addNameRange     '2.3.2',
70 silly addNameRange     '2.3.3',
70 silly addNameRange     '2.3.4',
70 silly addNameRange     '2.4.0',
70 silly addNameRange     '2.4.1',
70 silly addNameRange     '2.4.2',
70 silly addNameRange     '2.4.3',
70 silly addNameRange     '2.4.4',
70 silly addNameRange     '2.4.5',
70 silly addNameRange     '2.5.5',
70 silly addNameRange     '2.5.0',
70 silly addNameRange     '2.5.1',
70 silly addNameRange     '2.5.2',
70 silly addNameRange     '2.5.3',
70 silly addNameRange     '2.6.3',
70 silly addNameRange     '2.7.3',
70 silly addNameRange     '2.7.4',
70 silly addNameRange     '2.8.0',
70 silly addNameRange     '2.9.0',
70 silly addNameRange     '3.0.0',
70 silly addNameRange     '3.0.2',
70 silly addNameRange     '3.0.3' ] ]
71 verbose addNamed [ 'stripe', '2.2.2' ]
72 verbose addNamed [ '2.2.2', '2.2.2' ]
73 silly lockFile 20911a05-stripe-2-2-2 stripe@2.2.2
74 verbose lock stripe@2.2.2 /Users/daynedavis/.npm/20911a05-stripe-2-2-2.lock
75 silly lockFile 30db234c-bcrypt-nodejs-0-0-3 bcrypt-nodejs@0.0.3
76 silly lockFile 30db234c-bcrypt-nodejs-0-0-3 bcrypt-nodejs@0.0.3
77 silly lockFile 8a2c73f6-bcrypt-nodejs-latest bcrypt-nodejs@latest
78 silly lockFile 8a2c73f6-bcrypt-nodejs-latest bcrypt-nodejs@latest
79 silly lockFile d305f51f-pmjs-org-stripe-stripe-2-2-2-tgz https://registry.npmjs.org/stripe/-/stripe-2.2.2.tgz
80 verbose lock https://registry.npmjs.org/stripe/-/stripe-2.2.2.tgz /Users/daynedavis/.npm/d305f51f-pmjs-org-stripe-stripe-2-2-2-tgz.lock
81 verbose addRemoteTarball [ 'https://registry.npmjs.org/stripe/-/stripe-2.2.2.tgz',
81 verbose addRemoteTarball   '7a57cc472ddc4e1d78673432d09e0cb27e54c80a' ]
82 info already installed bcrypt-nodejs@0.0.3
83 info retry fetch attempt 1 at 20:28:02
84 info attempt registry request try #1 at 20:28:02
85 http fetch GET https://registry.npmjs.org/stripe/-/stripe-2.2.2.tgz
86 http fetch 200 https://registry.npmjs.org/stripe/-/stripe-2.2.2.tgz
87 silly fetchAndShaCheck shasum 7a57cc472ddc4e1d78673432d09e0cb27e54c80a
88 silly lockFile d305f51f-pmjs-org-stripe-stripe-2-2-2-tgz https://registry.npmjs.org/stripe/-/stripe-2.2.2.tgz
89 silly lockFile d305f51f-pmjs-org-stripe-stripe-2-2-2-tgz https://registry.npmjs.org/stripe/-/stripe-2.2.2.tgz
90 silly lockFile 20911a05-stripe-2-2-2 stripe@2.2.2
91 silly lockFile 20911a05-stripe-2-2-2 stripe@2.2.2
92 silly lockFile 39ab9427-stripe-2-2-0-2-3-0 stripe@>=2.2.0 <2.3.0
93 silly lockFile 39ab9427-stripe-2-2-0-2-3-0 stripe@>=2.2.0 <2.3.0
94 silly resolved [ { name: 'stripe',
94 silly resolved     version: '2.2.2',
94 silly resolved     description: 'Stripe API wrapper',
94 silly resolved     homepage: 'https://github.com/stripe/stripe-node',
94 silly resolved     author:
94 silly resolved      { name: 'Stripe',
94 silly resolved        email: 'james@stripe.com',
94 silly resolved        url: 'https://stripe.com/' },
94 silly resolved     contributors: [ [Object], [Object], [Object], [Object] ],
94 silly resolved     repository: { type: 'git', url: 'git://github.com/stripe/stripe-node.git' },
94 silly resolved     'bugs:': 'https://github.com/stripe/stripe-node/issues',
94 silly resolved     engines: { node: '>= v0.8.0' },
94 silly resolved     main: 'lib/stripe.js',
94 silly resolved     devDependencies:
94 silly resolved      { mocha: '~1.13.0',
94 silly resolved        chai: '~1.8.0',
94 silly resolved        'chai-as-promised': '~4.0.0',
94 silly resolved        'mocha-as-promised': '~1.4.0' },
94 silly resolved     dependencies: { when: '~2.4.0' },
94 silly resolved     scripts: { test: 'mocha' },
94 silly resolved     _id: 'stripe@2.2.2',
94 silly resolved     dist:
94 silly resolved      { shasum: '7a57cc472ddc4e1d78673432d09e0cb27e54c80a',
94 silly resolved        tarball: 'http://registry.npmjs.org/stripe/-/stripe-2.2.2.tgz' },
94 silly resolved     _from: 'stripe@>=2.2.0 <2.3.0',
94 silly resolved     _npmVersion: '1.2.18',
94 silly resolved     _npmUser: { name: 'padolsey', email: 'npm@padolsey.net' },
94 silly resolved     maintainers: [ [Object], [Object], [Object], [Object] ],
94 silly resolved     directories: {},
94 silly resolved     _shasum: '7a57cc472ddc4e1d78673432d09e0cb27e54c80a',
94 silly resolved     _resolved: 'https://registry.npmjs.org/stripe/-/stripe-2.2.2.tgz' } ]
95 info install stripe@2.2.2 into /Users/daynedavis/Coding/gitProjects/ThunderLee
96 info installOne stripe@2.2.2
97 verbose node_modules/stripe unbuild
98 verbose gentlyRm vacuuming /Users/daynedavis/Coding/gitProjects/ThunderLee/node_modules/stripe
99 verbose tar unpack /Users/daynedavis/.npm/stripe/2.2.2/package.tgz
100 silly lockFile 877ed4e1-s-ThunderLee-node-modules-stripe tar:///Users/daynedavis/Coding/gitProjects/ThunderLee/node_modules/stripe
101 verbose lock tar:///Users/daynedavis/Coding/gitProjects/ThunderLee/node_modules/stripe /Users/daynedavis/.npm/877ed4e1-s-ThunderLee-node-modules-stripe.lock
102 silly lockFile a7d42690-vis-npm-stripe-2-2-2-package-tgz tar:///Users/daynedavis/.npm/stripe/2.2.2/package.tgz
103 verbose lock tar:///Users/daynedavis/.npm/stripe/2.2.2/package.tgz /Users/daynedavis/.npm/a7d42690-vis-npm-stripe-2-2-2-package-tgz.lock
104 verbose gentlyRm vacuuming /Users/daynedavis/Coding/gitProjects/ThunderLee/node_modules/stripe
105 silly gunzTarPerm modes [ '755', '644' ]
106 silly gunzTarPerm extractEntry package.json
107 silly gunzTarPerm extractEntry .npmignore
108 silly gunzTarPerm extractEntry README.md
109 silly gunzTarPerm extractEntry LICENSE
110 silly gunzTarPerm extractEntry .travis.yml
111 silly gunzTarPerm extractEntry CHANGELOG
112 silly gunzTarPerm extractEntry lib/Error.js
113 silly gunzTarPerm extractEntry lib/stripe.js
114 silly gunzTarPerm extractEntry lib/StripeMethod.basic.js
115 silly gunzTarPerm extractEntry lib/StripeMethod.js
116 silly gunzTarPerm extractEntry lib/StripeResource.js
117 silly gunzTarPerm extractEntry lib/utils.js
118 silly gunzTarPerm extractEntry lib/resources/Account.js
119 silly gunzTarPerm extractEntry lib/resources/Coupons.js
120 silly gunzTarPerm extractEntry lib/resources/CustomerCards.js
121 silly gunzTarPerm extractEntry lib/resources/Customers.js
122 silly gunzTarPerm extractEntry lib/resources/Charges.js
123 silly gunzTarPerm extractEntry lib/resources/InvoiceItems.js
124 silly gunzTarPerm extractEntry lib/resources/Invoices.js
125 silly gunzTarPerm extractEntry lib/resources/Plans.js
126 silly gunzTarPerm extractEntry lib/resources/Recipients.js
127 silly gunzTarPerm extractEntry lib/resources/Tokens.js
128 silly gunzTarPerm extractEntry lib/resources/Balance.js
129 silly gunzTarPerm extractEntry lib/resources/Transfers.js
130 silly gunzTarPerm extractEntry lib/resources/Events.js
131 silly gunzTarPerm extractEntry test/Error.spec.js
132 silly gunzTarPerm extractEntry test/flows.spec.js
133 silly gunzTarPerm extractEntry test/stripe.spec.js
134 silly gunzTarPerm extractEntry test/testUtils.js
135 silly gunzTarPerm extractEntry test/utils.spec.js
136 silly gunzTarPerm extractEntry test/mocha.opts
137 silly gunzTarPerm extractEntry test/resources/Account.spec.js
138 silly gunzTarPerm extractEntry test/resources/Coupons.spec.js
139 silly gunzTarPerm extractEntry test/resources/CustomerCards.spec.js
140 silly gunzTarPerm extractEntry test/resources/Customers.spec.js
141 silly gunzTarPerm extractEntry test/resources/Charges.spec.js
142 silly gunzTarPerm extractEntry test/resources/InvoiceItems.spec.js
143 silly gunzTarPerm extractEntry test/resources/Invoices.spec.js
144 silly gunzTarPerm extractEntry test/resources/Plans.spec.js
145 silly gunzTarPerm extractEntry test/resources/Recipients.spec.js
146 silly gunzTarPerm extractEntry test/resources/Tokens.spec.js
147 silly gunzTarPerm extractEntry test/resources/Balance.spec.js
148 silly gunzTarPerm extractEntry test/resources/Transfers.spec.js
149 silly gunzTarPerm extractEntry test/resources/Events.spec.js
150 silly gunzTarPerm extractEntry VERSION
151 silly lockFile 877ed4e1-s-ThunderLee-node-modules-stripe tar:///Users/daynedavis/Coding/gitProjects/ThunderLee/node_modules/stripe
152 silly lockFile 877ed4e1-s-ThunderLee-node-modules-stripe tar:///Users/daynedavis/Coding/gitProjects/ThunderLee/node_modules/stripe
153 silly lockFile a7d42690-vis-npm-stripe-2-2-2-package-tgz tar:///Users/daynedavis/.npm/stripe/2.2.2/package.tgz
154 silly lockFile a7d42690-vis-npm-stripe-2-2-2-package-tgz tar:///Users/daynedavis/.npm/stripe/2.2.2/package.tgz
155 info preinstall stripe@2.2.2
156 verbose readDependencies using package.json deps
157 verbose readDependencies using package.json deps
158 verbose cache add [ 'when@~2.4.0', null ]
159 verbose cache add spec="when@~2.4.0" args=["when@~2.4.0",null]
160 verbose parsed spec { raw: 'when@~2.4.0',
160 verbose parsed spec   scope: null,
160 verbose parsed spec   name: 'when',
160 verbose parsed spec   rawSpec: '~2.4.0',
160 verbose parsed spec   spec: '>=2.4.0 <2.5.0',
160 verbose parsed spec   type: 'range' }
161 verbose parsed spec { raw: 'when@~2.4.0',
161 verbose parsed spec   scope: null,
161 verbose parsed spec   name: 'when',
161 verbose parsed spec   rawSpec: '~2.4.0',
161 verbose parsed spec   spec: '>=2.4.0 <2.5.0',
161 verbose parsed spec   type: 'range' }
162 verbose addNamed [ 'when', '>=2.4.0 <2.5.0' ]
163 verbose addNamed [ null, '>=2.4.0 <2.5.0' ]
164 silly lockFile 9aa6c492-when-2-4-0-2-5-0 when@>=2.4.0 <2.5.0
165 verbose lock when@>=2.4.0 <2.5.0 /Users/daynedavis/.npm/9aa6c492-when-2-4-0-2-5-0.lock
166 silly addNameRange { name: 'when', range: '>=2.4.0 <2.5.0', hasData: false }
167 verbose mapToRegistry name when
168 verbose mapToRegistry uri https://registry.npmjs.org/when
169 verbose request on initialization, where is /when
170 verbose request after pass 1, where is /when
171 verbose request url raw /when
172 verbose request resolving registry [ 'https://registry.npmjs.org/', './when' ]
173 verbose request after pass 2, where is https://registry.npmjs.org/when
174 verbose request no auth needed
175 info attempt registry request try #1 at 20:28:03
176 http request GET https://registry.npmjs.org/when
177 http 200 https://registry.npmjs.org/when
178 silly registry.get cb [ 200,
178 silly registry.get   { date: 'Sun, 18 Jan 2015 04:28:03 GMT',
178 silly registry.get     server: 'CouchDB/1.5.0 (Erlang OTP/R16B03)',
178 silly registry.get     etag: '"CGS33LWWMT93ZNUIGYG4QPEJW"',
178 silly registry.get     'content-type': 'application/json',
178 silly registry.get     'cache-control': 'max-age=60',
178 silly registry.get     'content-length': '96046',
178 silly registry.get     'accept-ranges': 'bytes',
178 silly registry.get     via: '1.1 varnish',
178 silly registry.get     age: '25',
178 silly registry.get     'x-served-by': 'cache-sjc3133-SJC',
178 silly registry.get     'x-cache': 'HIT',
178 silly registry.get     'x-cache-hits': '1',
178 silly registry.get     'x-timer': 'S1421555283.327977,VS0,VE0',
178 silly registry.get     vary: 'Accept',
178 silly registry.get     'keep-alive': 'timeout=10, max=50',
178 silly registry.get     connection: 'Keep-Alive' } ]
179 silly addNameRange number 2 { name: 'when', range: '>=2.4.0 <2.5.0', hasData: true }
180 silly addNameRange versions [ 'when',
180 silly addNameRange   [ '1.2.0',
180 silly addNameRange     '1.3.0',
180 silly addNameRange     '1.4.0',
180 silly addNameRange     '1.4.1',
180 silly addNameRange     '1.4.2',
180 silly addNameRange     '1.4.3',
180 silly addNameRange     '1.4.4',
180 silly addNameRange     '1.5.0',
180 silly addNameRange     '1.5.1',
180 silly addNameRange     '1.5.2',
180 silly addNameRange     '1.6.0',
180 silly addNameRange     '1.6.1',
180 silly addNameRange     '1.7.0',
180 silly addNameRange     '1.7.1',
180 silly addNameRange     '1.8.0',
180 silly addNameRange     '1.8.1',
180 silly addNameRange     '2.0.0',
180 silly addNameRange     '2.0.1',
180 silly addNameRange     '2.1.0',
180 silly addNameRange     '2.1.1',
180 silly addNameRange     '2.2.0',
180 silly addNameRange     '2.2.1',
180 silly addNameRange     '2.3.0',
180 silly addNameRange     '2.4.0',
180 silly addNameRange     '2.5.0',
180 silly addNameRange     '2.5.1',
180 silly addNameRange     '2.6.0',
180 silly addNameRange     '2.7.0',
180 silly addNameRange     '2.7.1',
180 silly addNameRange     '2.8.0',
180 silly addNameRange     '3.0.0',
180 silly addNameRange     '3.0.1',
180 silly addNameRange     '3.1.0',
180 silly addNameRange     '3.2.0',
180 silly addNameRange     '3.2.1',
180 silly addNameRange     '3.2.2',
180 silly addNameRange     '3.2.3',
180 silly addNameRange     '3.3.0',
180 silly addNameRange     '3.3.1',
180 silly addNameRange     '3.4.0',
180 silly addNameRange     '3.4.1',
180 silly addNameRange     '3.4.2',
180 silly addNameRange     '3.4.3',
180 silly addNameRange     '3.4.4',
180 silly addNameRange     '3.4.5',
180 silly addNameRange     '3.4.6',
180 silly addNameRange     '3.5.0',
180 silly addNameRange     '3.5.1',
180 silly addNameRange     '3.5.2',
180 silly addNameRange     '3.6.0',
180 silly addNameRange     '3.6.1',
180 silly addNameRange     '3.6.2',
180 silly addNameRange     '3.6.3',
180 silly addNameRange     '3.6.4' ] ]
181 verbose addNamed [ 'when', '2.4.0' ]
182 verbose addNamed [ '2.4.0', '2.4.0' ]
183 silly lockFile 4be1b7e9-when-2-4-0 when@2.4.0
184 verbose lock when@2.4.0 /Users/daynedavis/.npm/4be1b7e9-when-2-4-0.lock
185 silly lockFile 8ffdafb9-ry-npmjs-org-when-when-2-4-0-tgz https://registry.npmjs.org/when/-/when-2.4.0.tgz
186 verbose lock https://registry.npmjs.org/when/-/when-2.4.0.tgz /Users/daynedavis/.npm/8ffdafb9-ry-npmjs-org-when-when-2-4-0-tgz.lock
187 verbose addRemoteTarball [ 'https://registry.npmjs.org/when/-/when-2.4.0.tgz',
187 verbose addRemoteTarball   '4b762170a4dee67135bd62ac3d22cc4fc64cf831' ]
188 info retry fetch attempt 1 at 20:28:03
189 info attempt registry request try #1 at 20:28:03
190 http fetch GET https://registry.npmjs.org/when/-/when-2.4.0.tgz
191 http fetch 200 https://registry.npmjs.org/when/-/when-2.4.0.tgz
192 silly fetchAndShaCheck shasum 4b762170a4dee67135bd62ac3d22cc4fc64cf831
193 silly lockFile 8ffdafb9-ry-npmjs-org-when-when-2-4-0-tgz https://registry.npmjs.org/when/-/when-2.4.0.tgz
194 silly lockFile 8ffdafb9-ry-npmjs-org-when-when-2-4-0-tgz https://registry.npmjs.org/when/-/when-2.4.0.tgz
195 silly lockFile 4be1b7e9-when-2-4-0 when@2.4.0
196 silly lockFile 4be1b7e9-when-2-4-0 when@2.4.0
197 silly lockFile 9aa6c492-when-2-4-0-2-5-0 when@>=2.4.0 <2.5.0
198 silly lockFile 9aa6c492-when-2-4-0-2-5-0 when@>=2.4.0 <2.5.0
199 silly resolved [ { name: 'when',
199 silly resolved     version: '2.4.0',
199 silly resolved     description: 'A lightweight Promises/A+ and when() implementation, plus other async goodies.',
199 silly resolved     keywords:
199 silly resolved      [ 'Promises/A+',
199 silly resolved        'promises-aplus',
199 silly resolved        'promise',
199 silly resolved        'promises',
199 silly resolved        'deferred',
199 silly resolved        'deferreds',
199 silly resolved        'when',
199 silly resolved        'async',
199 silly resolved        'asynchronous',
199 silly resolved        'cujo' ],
199 silly resolved     homepage: 'http://cujojs.com',
199 silly resolved     licenses: [ [Object] ],
199 silly resolved     repository: { type: 'git', url: 'https://github.com/cujojs/when' },
199 silly resolved     bugs: { url: 'https://github.com/cujojs/when/issues' },
199 silly resolved     maintainers: [ [Object] ],
199 silly resolved     contributors: [ [Object], [Object], [Object] ],
199 silly resolved     devDependencies:
199 silly resolved      { curl: 'https://github.com/cujojs/curl/tarball/0.7.3',
199 silly resolved        'test-support': '~0.3',
199 silly resolved        'promises-aplus-tests': '~1',
199 silly resolved        benchmark: '~1',
199 silly resolved        microtime: '~0' },
199 silly resolved     main: 'when',
199 silly resolved     directories: { test: 'test' },
199 silly resolved     scripts:
199 silly resolved      { test: 'jshint . && buster test -e node -r specification && promises-aplus-tests test/promises-aplus-adapter.js',
199 silly resolved        ci: 'npm test && sauceme',
199 silly resolved        tunnel: 'sauceme -m',
199 silly resolved        start: 'buster static -e browser',
199 silly resolved        benchmark: 'node benchmark/promise && node benchmark/map' },
199 silly resolved     _id: 'when@2.4.0',
199 silly resolved     dist:
199 silly resolved      { shasum: '4b762170a4dee67135bd62ac3d22cc4fc64cf831',
199 silly resolved        tarball: 'http://registry.npmjs.org/when/-/when-2.4.0.tgz' },
199 silly resolved     _from: 'when@>=2.4.0 <2.5.0',
199 silly resolved     _npmVersion: '1.3.8',
199 silly resolved     _npmUser: { name: 'cujojs', email: 'info@cujojs.com' },
199 silly resolved     _shasum: '4b762170a4dee67135bd62ac3d22cc4fc64cf831',
199 silly resolved     _resolved: 'https://registry.npmjs.org/when/-/when-2.4.0.tgz' } ]
200 info install when@2.4.0 into /Users/daynedavis/Coding/gitProjects/ThunderLee/node_modules/stripe
201 info installOne when@2.4.0
202 verbose node_modules/stripe/node_modules/when unbuild
203 verbose gentlyRm vacuuming /Users/daynedavis/Coding/gitProjects/ThunderLee/node_modules/stripe/node_modules/when
204 verbose tar unpack /Users/daynedavis/.npm/when/2.4.0/package.tgz
205 silly lockFile a4d0ff27-modules-stripe-node-modules-when tar:///Users/daynedavis/Coding/gitProjects/ThunderLee/node_modules/stripe/node_modules/when
206 verbose lock tar:///Users/daynedavis/Coding/gitProjects/ThunderLee/node_modules/stripe/node_modules/when /Users/daynedavis/.npm/a4d0ff27-modules-stripe-node-modules-when.lock
207 silly lockFile b7859f85-davis-npm-when-2-4-0-package-tgz tar:///Users/daynedavis/.npm/when/2.4.0/package.tgz
208 verbose lock tar:///Users/daynedavis/.npm/when/2.4.0/package.tgz /Users/daynedavis/.npm/b7859f85-davis-npm-when-2-4-0-package-tgz.lock
209 verbose gentlyRm vacuuming /Users/daynedavis/Coding/gitProjects/ThunderLee/node_modules/stripe/node_modules/when
210 silly gunzTarPerm modes [ '755', '644' ]
211 silly gunzTarPerm extractEntry package.json
212 silly gunzTarPerm extractEntry README.md
213 silly gunzTarPerm extractEntry apply.js
214 silly gunzTarPerm extractEntry sequence.js
215 silly gunzTarPerm extractEntry callbacks.js
216 silly gunzTarPerm extractEntry debug.js
217 silly gunzTarPerm extractEntry delay.js
218 silly gunzTarPerm extractEntry function.js
219 silly gunzTarPerm extractEntry poll.js
220 silly gunzTarPerm extractEntry keys.js
221 silly gunzTarPerm extractEntry timed.js
222 silly gunzTarPerm extractEntry pipeline.js
223 silly gunzTarPerm extractEntry timeout.js
224 silly gunzTarPerm extractEntry parallel.js
225 silly gunzTarPerm extractEntry unfold.js
226 silly gunzTarPerm extractEntry when.js
227 silly gunzTarPerm extractEntry cancelable.js
228 silly gunzTarPerm extractEntry guard.js
229 silly gunzTarPerm extractEntry node/function.js
230 silly gunzTarPerm extractEntry monitor/README.md
231 silly gunzTarPerm extractEntry monitor/aggregator.js
232 silly gunzTarPerm extractEntry monitor/array.js
233 silly gunzTarPerm extractEntry monitor/both.js
234 silly gunzTarPerm extractEntry monitor/console.js
235 silly gunzTarPerm extractEntry monitor/simpleFormatter.js
236 silly gunzTarPerm extractEntry monitor/simpleReporter.js
237 silly gunzTarPerm extractEntry monitor/stackFilter.js
238 silly gunzTarPerm extractEntry monitor/throttledReporter.js
239 silly gunzTarPerm extractEntry monitor/logger/consoleGroup.js
240 silly gunzTarPerm extractEntry monitor/logger/rethrowToHost.js
241 silly gunzTarPerm extractEntry .jshintignore
242 silly gunzTarPerm extractEntry benchmark/map.js
243 silly gunzTarPerm extractEntry benchmark/promise.js
244 silly gunzTarPerm extractEntry benchmark/run.js
245 silly gunzTarPerm extractEntry benchmark/index.html
246 silly gunzTarPerm extractEntry LICENSE.txt
247 silly gunzTarPerm extractEntry CHANGES.md
248 silly gunzTarPerm extractEntry unfold/list.js
249 silly gunzTarPerm extractEntry .jshintrc
250 silly gunzTarPerm extractEntry .editorconfig
251 silly lockFile a4d0ff27-modules-stripe-node-modules-when tar:///Users/daynedavis/Coding/gitProjects/ThunderLee/node_modules/stripe/node_modules/when
252 silly lockFile a4d0ff27-modules-stripe-node-modules-when tar:///Users/daynedavis/Coding/gitProjects/ThunderLee/node_modules/stripe/node_modules/when
253 silly lockFile b7859f85-davis-npm-when-2-4-0-package-tgz tar:///Users/daynedavis/.npm/when/2.4.0/package.tgz
254 silly lockFile b7859f85-davis-npm-when-2-4-0-package-tgz tar:///Users/daynedavis/.npm/when/2.4.0/package.tgz
255 info preinstall when@2.4.0
256 verbose readDependencies using package.json deps
257 verbose readDependencies using package.json deps
258 silly resolved []
259 verbose about to build /Users/daynedavis/Coding/gitProjects/ThunderLee/node_modules/stripe/node_modules/when
260 info build /Users/daynedavis/Coding/gitProjects/ThunderLee/node_modules/stripe/node_modules/when
261 verbose linkStuff [ false,
261 verbose linkStuff   false,
261 verbose linkStuff   false,
261 verbose linkStuff   '/Users/daynedavis/Coding/gitProjects/ThunderLee/node_modules/stripe/node_modules' ]
262 info linkStuff when@2.4.0
263 verbose linkBins when@2.4.0
264 verbose linkMans when@2.4.0
265 verbose rebuildBundles when@2.4.0
266 info install when@2.4.0
267 info postinstall when@2.4.0
268 verbose about to build /Users/daynedavis/Coding/gitProjects/ThunderLee/node_modules/stripe
269 info build /Users/daynedavis/Coding/gitProjects/ThunderLee/node_modules/stripe
270 verbose linkStuff [ false,
270 verbose linkStuff   false,
270 verbose linkStuff   false,
270 verbose linkStuff   '/Users/daynedavis/Coding/gitProjects/ThunderLee/node_modules' ]
271 info linkStuff stripe@2.2.2
272 verbose linkBins stripe@2.2.2
273 verbose linkMans stripe@2.2.2
274 verbose rebuildBundles stripe@2.2.2
275 verbose rebuildBundles [ 'when' ]
276 info install stripe@2.2.2
277 info postinstall stripe@2.2.2
278 info build /Users/daynedavis/Coding/gitProjects/ThunderLee
279 verbose linkStuff [ false, false, false, '/Users/daynedavis/Coding/gitProjects' ]
280 info linkStuff ThunderLee@0.0.0
281 verbose linkBins ThunderLee@0.0.0
282 verbose linkMans ThunderLee@0.0.0
283 verbose rebuildBundles ThunderLee@0.0.0
284 verbose rebuildBundles [ '.bin',
284 verbose rebuildBundles   'bcrypt-nodejs',
284 verbose rebuildBundles   'bittorrent-dht',
284 verbose rebuildBundles   'body-parser',
284 verbose rebuildBundles   'bower',
284 verbose rebuildBundles   'connect-flash',
284 verbose rebuildBundles   'cookie-parser',
284 verbose rebuildBundles   'ejs',
284 verbose rebuildBundles   'express',
284 verbose rebuildBundles   'express-session',
284 verbose rebuildBundles   'grunt',
284 verbose rebuildBundles   'grunt-bower',
284 verbose rebuildBundles   'grunt-cli',
284 verbose rebuildBundles   'grunt-concurrent',
284 verbose rebuildBundles   'grunt-contrib-clean',
284 verbose rebuildBundles   'grunt-contrib-concat',
284 verbose rebuildBundles   'grunt-contrib-connect',
284 verbose rebuildBundles   'grunt-contrib-copy',
284 verbose rebuildBundles   'grunt-contrib-cssmin',
284 verbose rebuildBundles   'grunt-contrib-jshint',
284 verbose rebuildBundles   'grunt-contrib-uglify',
284 verbose rebuildBundles   'grunt-contrib-watch',
284 verbose rebuildBundles   'grunt-sass',
284 verbose rebuildBundles   'method-override',
284 verbose rebuildBundles   'mongoose',
284 verbose rebuildBundles   'morgan',
284 verbose rebuildBundles   'passport',
284 verbose rebuildBundles   'passport-local',
284 verbose rebuildBundles   'stripe' ]
285 verbose rebuild bundle /Users/daynedavis/Coding/gitProjects/ThunderLee/node_modules/bower
286 info build /Users/daynedavis/Coding/gitProjects/ThunderLee/node_modules/bower
287 info preinstall bower@1.3.9
288 verbose linkStuff [ false,
288 verbose linkStuff   false,
288 verbose linkStuff   false,
288 verbose linkStuff   '/Users/daynedavis/Coding/gitProjects/ThunderLee/node_modules' ]
289 info linkStuff bower@1.3.9
290 warn prefer global bower@1.3.9 should be installed with -g
291 verbose linkBins bower@1.3.9
292 verbose link bins [ { bower: 'bin/bower' },
292 verbose link bins   '/Users/daynedavis/Coding/gitProjects/ThunderLee/node_modules/.bin',
292 verbose link bins   false ]
293 verbose linkMans bower@1.3.9
294 verbose rebuildBundles bower@1.3.9
295 verbose gentlyRm vacuuming /Users/daynedavis/Coding/gitProjects/ThunderLee/node_modules/.bin/bower
296 silly gentlyRm purging /Users/daynedavis/Coding/gitProjects/ThunderLee/node_modules/.bin/bower
297 verbose rebuildBundles [ '.bin',
297 verbose rebuildBundles   'abbrev',
297 verbose rebuildBundles   'archy',
297 verbose rebuildBundles   'bower-config',
297 verbose rebuildBundles   'bower-endpoint-parser',
297 verbose rebuildBundles   'bower-json',
297 verbose rebuildBundles   'bower-logger',
297 verbose rebuildBundles   'bower-registry-client',
297 verbose rebuildBundles   'cardinal',
297 verbose rebuildBundles   'chalk',
297 verbose rebuildBundles   'chmodr',
297 verbose rebuildBundles   'decompress-zip',
297 verbose rebuildBundles   'fstream',
297 verbose rebuildBundles   'fstream-ignore',
297 verbose rebuildBundles   'glob',
297 verbose rebuildBundles   'graceful-fs',
297 verbose rebuildBundles   'handlebars',
297 verbose rebuildBundles   'inquirer',
297 verbose rebuildBundles   'insight',
297 verbose rebuildBundles   'is-root',
297 verbose rebuildBundles   'junk',
297 verbose rebuildBundles   'lockfile',
297 verbose rebuildBundles   'lru-cache',
297 verbose rebuildBundles   'mkdirp',
297 verbose rebuildBundles   'mout',
297 verbose rebuildBundles   'nopt',
297 verbose rebuildBundles   'opn',
297 verbose rebuildBundles   'osenv',
297 verbose rebuildBundles   'p-throttler',
297 verbose rebuildBundles   'promptly',
297 verbose rebuildBundles   'q',
297 verbose rebuildBundles   'request',
297 verbose rebuildBundles   'request-progress',
297 verbose rebuildBundles   'retry',
297 verbose rebuildBundles   'rimraf',
297 verbose rebuildBundles   'semver',
297 verbose rebuildBundles   'shell-quote',
297 verbose rebuildBundles   'stringify-object',
297 verbose rebuildBundles   'tar',
297 verbose rebuildBundles   'tmp',
297 verbose rebuildBundles   'update-notifier',
297 verbose rebuildBundles   'which' ]
298 verbose stack Error: EACCES, unlink '/Users/daynedavis/Coding/gitProjects/ThunderLee/node_modules/.bin/bower'
299 verbose cwd /Users/daynedavis/Coding/gitProjects/ThunderLee
300 error Darwin 14.0.0
301 error argv "node" "/usr/local/bin/npm" "install"
302 error node v0.10.29
303 error npm  v2.0.2
304 error path /Users/daynedavis/Coding/gitProjects/ThunderLee/node_modules/.bin/bower
305 error code EACCES
306 error errno 3
307 error Error: EACCES, unlink '/Users/daynedavis/Coding/gitProjects/ThunderLee/node_modules/.bin/bower'
307 error  { [Error: EACCES, unlink '/Users/daynedavis/Coding/gitProjects/ThunderLee/node_modules/.bin/bower']
307 error   errno: 3,
307 error   code: 'EACCES',
307 error   path: '/Users/daynedavis/Coding/gitProjects/ThunderLee/node_modules/.bin/bower' }
308 error Please try running this command again as root/Administrator.
309 verbose exit [ 3, true ]
